<?xml version="1.0" encoding="UTF-8"?>
<!-- Generated by org.testng.reporters.JUnitXMLReporter -->
<testsuite ignored="0" hostname="DESKTOP-00F8VL6" failures="0" tests="3" name="Unit Test" time="0.071" errors="0" timestamp="20 Sep 2024 16:24:38 GMT">
  <testcase classname="dataprovider.DataProviderParameterExample" name="scenario1" time="0.011"/>
  <testcase classname="dataprovider.DataProviderParameterExample" name="scenario2" time="0.004"/>
  <testcase classname="dataprovider.DataProviderParameterExample" name="scenario3" time="0.003"/>
</testsuite> <!-- Unit Test -->
