<?xml version="1.0" encoding="UTF-8"?>
<!-- Generated by org.testng.reporters.JUnitXMLReporter -->
<testsuite ignored="0" hostname="DESKTOP-00F8VL6" failures="0" tests="2" name="Facebook profile check" time="0.012" errors="0" timestamp="19 Sep 2024 04:21:32 GMT">
  <testcase classname="myTestngPack.FacebookProfileTest" name="checkProfileLink" time="0.004"/>
  <testcase classname="myTestngPack.FacebookProfileTest" name="checkProfileLogo" time="0.005"/>
</testsuite> <!-- Facebook profile check -->
