<?xml version="1.0" encoding="UTF-8"?>
<!-- Generated by org.testng.reporters.JUnitXMLReporter -->
<testsuite ignored="0" hostname="DESKTOP-00F8VL6" failures="0" tests="2" name="Facebook login Positive Case" time="0.119" errors="0" timestamp="19 Sep 2024 04:21:32 GMT">
  <testcase classname="myTestngPack.FacebookLogin" name="loginWithInvalidCredentials" time="0.08"/>
  <testcase classname="myTestngPack.FacebookLogin" name="loginWithValidCredentials" time="0.003"/>
</testsuite> <!-- Facebook login Positive Case -->
