<?xml version="1.0" encoding="UTF-8"?>
<!-- Generated by org.testng.reporters.JUnitXMLReporter -->
<testsuite ignored="0" hostname="DESKTOP-00F8VL6" failures="0" tests="4" name="Sample Test for package" time="0.04" errors="0" timestamp="19 Sep 2024 04:21:32 GMT">
  <testcase classname="com.testNG.training.SampleTestOne" name="sampleTest1MethodOne" time="0.003"/>
  <testcase classname="com.testNG.training.SampleTestOne" name="sampleTest1MethodTwo" time="0.004"/>
  <testcase classname="com.testNG.training.SampleTesttwo" name="sampleTest2MethodOne" time="0.002"/>
  <testcase classname="com.testNG.training.SampleTesttwo" name="sampleTest2MethodTwo" time="0.011"/>
</testsuite> <!-- Sample Test for package -->
