<?xml version="1.0" encoding="UTF-8"?>
<!-- Generated by org.testng.reporters.JUnitXMLReporter -->
<testsuite ignored="1" hostname="DESKTOP-00F8VL6" failures="0" tests="3" name="Sample" time="0.056" errors="0" timestamp="19 Sep 2024 13:59:31 GMT">
  <testcase classname="com.testNG.training.TestcaseGrouping" name="test1" time="0.009"/>
  <testcase classname="com.testNG.training.TestcaseGrouping" name="test2" time="0.006"/>
  <testcase classname="com.testNG.training.TestcaseGrouping" name="test4" time="0.009"/>
  <testcase classname="com.testNG.training.TestcaseGrouping" name="test3" time="0.0">
    <ignored/>
  </testcase> <!-- test3 -->
</testsuite> <!-- Sample -->
